{"label":"Spare Spart api logs","level":"debug","message":"Spare Part USSD Service: Running in development mode and listening on port http://:9012"}
{"label":"Spare Spart api logs","level":"info","message":"Activity with display number 1 already exist"}
{"content_length":"69","label":"Spare Spart api logs","level":"http","message":"incoming-api-request","method":"POST","response_time":2245.294,"status":200,"url":"/spussd/api/v1/activity/add"}
{"label":"Spare Spart api logs","level":"debug","message":"Spare Part USSD Service: Running in development mode and listening on port http://:9012"}
{"label":"Spare Spart api logs","level":"debug","message":"Spare Part USSD Service: Running in development mode and listening on port http://:9012"}
{"label":"Spare Spart api logs","level":"debug","message":"Spare Part USSD Service: Running in development mode and listening on port http://:9012"}
{"label":"Spare Spart api logs","level":"debug","message":"Spare Part USSD Service: Running in development mode and listening on port http://:9012"}
{"label":"Spare Spart api logs","level":"debug","message":"Spare Part USSD Service: Running in development mode and listening on port http://:9012"}
{"label":"Spare Spart api logs","level":"debug","message":"Spare Part USSD Service: Running in development mode and listening on port http://:9012"}
{"label":"Spare Spart api logs","level":"info","message":"Activity with display number 1 already exist"}
{"content_length":"69","label":"Spare Spart api logs","level":"http","message":"incoming-api-request","method":"POST","response_time":1563.513,"status":200,"url":"/spussd/api/v1/activity/add"}
{"label":"Spare Spart api logs","level":"debug","message":"Spare Part USSD Service: Running in development mode and listening on port http://:9012"}
{"label":"Spare Spart api logs","level":"debug","message":"Spare Part USSD Service: Running in development mode and listening on port http://:9012"}
{"label":"Spare Spart api logs","level":"debug","message":"Spare Part USSD Service: Running in development mode and listening on port http://:9012"}
{"label":"Spare Spart api logs","level":"debug","message":"Spare Part USSD Service: Running in development mode and listening on port http://:9012"}
{"label":"Spare Spart api logs","level":"debug","message":"Spare Part USSD Service: Running in development mode and listening on port http://:9012"}
{"label":"Spare Spart api logs","level":"info","message":"Activity with display number 1 already exist"}
{"content_length":"69","label":"Spare Spart api logs","level":"http","message":"incoming-api-request","method":"POST","response_time":1565.278,"status":200,"url":"/spussd/api/v1/activity/add"}
{"label":"Spare Spart api logs","level":"debug","message":"Spare Part USSD Service: Running in development mode and listening on port http://:9012"}
{"label":"Spare Spart api logs","level":"debug","message":"Spare Part USSD Service: Running in development mode and listening on port http://:9012"}
{"label":"Spare Spart api logs","level":"error","message":"Cannot read properties of undefined (reading '0')"}
{"content_length":"74","label":"Spare Spart api logs","level":"http","message":"incoming-api-request","method":"POST","response_time":3074.54,"status":500,"url":"/spussd/api/v1/activity/add"}
{"label":"Spare Spart api logs","level":"debug","message":"Spare Part USSD Service: Running in development mode and listening on port http://:9012"}
{"label":"Spare Spart api logs","level":"debug","message":"Spare Part USSD Service: Running in development mode and listening on port http://:9012"}
{"label":"Spare Spart api logs","level":"debug","message":"Spare Part USSD Service: Running in development mode and listening on port http://:9012"}
{"label":"Spare Spart api logs","level":"info","message":"success"}
{"content_length":"471","label":"Spare Spart api logs","level":"http","message":"incoming-api-request","method":"POST","response_time":3015.281,"status":200,"url":"/spussd/api/v1/activity/add"}
{"label":"Spare Spart api logs","level":"debug","message":"Spare Part USSD Service: Running in development mode and listening on port http://:9012"}
{"label":"Spare Spart api logs","level":"debug","message":"Spare Part USSD Service: Running in development mode and listening on port http://:9012"}
{"clientVersion":"5.22.0","label":"Spare Spart api logs","level":"error","message":"\nInvalid `prisma.session.create()` invocation in\n/Users/testdevice/Desktop/Source Code/Node JS/Spare Part/SPUSSD/DBFunctions/SessionDb.js:19:51\n\n  16 \n  17 ussd.add = async (session) => {\n  18     try {\n→ 19         const newContinent = await prisma.session.create({\n               data: {\n                 external_session_id: \"1w4sIFUFDR98dddddsdddsssjs\",\n                 msisdn: \"233554340244\",\n                 status: 1,\n                 hope: 0,\n                 request_details: {\n                   msisdn: \"233554340244\",\n                   requestType: \"INITIATION\",\n                   sessionId: \"1w4sIFUFDR98dddddsdddsssjs\",\n                   currentMenu: \"ROOT\",\n                   operator: \"MTN\",\n                   userInput: \"1\",\n                   shortCode: \"*887*9#\"\n                 },\n                 input: \"1\",\n             +   user_id: String\n               }\n             })\n\nArgument `user_id` is missing.","name":"PrismaClientValidationError","stack":"PrismaClientValidationError: \nInvalid `prisma.session.create()` invocation in\n/Users/testdevice/Desktop/Source Code/Node JS/Spare Part/SPUSSD/DBFunctions/SessionDb.js:19:51\n\n  16 \n  17 ussd.add = async (session) => {\n  18     try {\n→ 19         const newContinent = await prisma.session.create({\n               data: {\n                 external_session_id: \"1w4sIFUFDR98dddddsdddsssjs\",\n                 msisdn: \"233554340244\",\n                 status: 1,\n                 hope: 0,\n                 request_details: {\n                   msisdn: \"233554340244\",\n                   requestType: \"INITIATION\",\n                   sessionId: \"1w4sIFUFDR98dddddsdddsssjs\",\n                   currentMenu: \"ROOT\",\n                   operator: \"MTN\",\n                   userInput: \"1\",\n                   shortCode: \"*887*9#\"\n                 },\n                 input: \"1\",\n             +   user_id: String\n               }\n             })\n\nArgument `user_id` is missing.\n    at wn (/Users/testdevice/Desktop/Source Code/Node JS/Spare Part/SPUSSD/node_modules/@prisma/client/runtime/library.js:29:1363)\n    at $n.handleRequestError (/Users/testdevice/Desktop/Source Code/Node JS/Spare Part/SPUSSD/node_modules/@prisma/client/runtime/library.js:121:6958)\n    at $n.handleAndLogRequestError (/Users/testdevice/Desktop/Source Code/Node JS/Spare Part/SPUSSD/node_modules/@prisma/client/runtime/library.js:121:6623)\n    at $n.request (/Users/testdevice/Desktop/Source Code/Node JS/Spare Part/SPUSSD/node_modules/@prisma/client/runtime/library.js:121:6307)\n    at async l (/Users/testdevice/Desktop/Source Code/Node JS/Spare Part/SPUSSD/node_modules/@prisma/client/runtime/library.js:130:9633)\n    at async ussd.add (/Users/testdevice/Desktop/Source Code/Node JS/Spare Part/SPUSSD/DBFunctions/SessionDb.js:19:30)\n    at async /Users/testdevice/Desktop/Source Code/Node JS/Spare Part/SPUSSD/controllers/BaseControler.js:29:23"}
{"label":"Spare Spart api logs","level":"error","message":"\nInvalid `prisma.session.create()` invocation in\n/Users/testdevice/Desktop/Source Code/Node JS/Spare Part/SPUSSD/DBFunctions/SessionDb.js:19:51\n\n  16 \n  17 ussd.add = async (session) => {\n  18     try {\n→ 19         const newContinent = await prisma.session.create({\n               data: {\n                 external_session_id: \"1w4sIFUFDR98dddddsdddsssjs\",\n                 msisdn: \"233554340244\",\n                 status: 1,\n                 hope: 0,\n                 request_details: {\n                   msisdn: \"233554340244\",\n                   requestType: \"INITIATION\",\n                   sessionId: \"1w4sIFUFDR98dddddsdddsssjs\",\n                   currentMenu: \"ROOT\",\n                   operator: \"MTN\",\n                   userInput: \"1\",\n                   shortCode: \"*887*9#\"\n                 },\n                 input: \"1\",\n             +   user_id: String\n               }\n             })\n\nArgument `user_id` is missing."}
{"content_length":"1009","label":"Spare Spart api logs","level":"http","message":"incoming-api-request","method":"POST","response_time":1247.844,"status":500,"url":"/spussd/api/v1/base/router"}
