{"label":"Spare Spart api logs","level":"debug","message":"Spare Part USSD Service: Running in development mode and listening on port http://:9012"}
{"label":"Spare Spart api logs","level":"info","message":"Success"}
{"content_length":"203","label":"Spare Spart api logs","level":"http","message":"incoming-api-request","method":"POST","response_time":9364.163,"status":200,"url":"/spussd/api/v1/base/router"}
{"label":"Spare Spart api logs","level":"info","message":"Success"}
{"content_length":"203","label":"Spare Spart api logs","level":"http","message":"incoming-api-request","method":"POST","response_time":7554.546,"status":200,"url":"/spussd/api/v1/base/router"}
{"label":"Spare Spart api logs","level":"info","message":"Success"}
{"content_length":"206","label":"Spare Spart api logs","level":"http","message":"incoming-api-request","method":"POST","response_time":8312.381,"status":200,"url":"/spussd/api/v1/base/router"}
{"label":"Spare Spart api logs","level":"info","message":"Success"}
{"content_length":"169","label":"Spare Spart api logs","level":"http","message":"incoming-api-request","method":"POST","response_time":1220.749,"status":200,"url":"/spussd/api/v1/cart/index"}
{"label":"Spare Spart api logs","level":"info","message":"Success"}
{"content_length":"169","label":"Spare Spart api logs","level":"http","message":"incoming-api-request","method":"POST","response_time":4872.062,"status":200,"url":"/spussd/api/v1/base/router"}
{"label":"Spare Spart api logs","level":"info","message":"Success"}
{"content_length":"250","label":"Spare Spart api logs","level":"http","message":"incoming-api-request","method":"POST","response_time":6911.635,"status":200,"url":"/spussd/api/v1/cart/checkout-index"}
{"label":"Spare Spart api logs","level":"info","message":"Success"}
{"content_length":"250","label":"Spare Spart api logs","level":"http","message":"incoming-api-request","method":"POST","response_time":12151.042,"status":200,"url":"/spussd/api/v1/base/router"}
{"label":"Spare Spart api logs","level":"info","message":"Success"}
{"content_length":"206","label":"Spare Spart api logs","level":"http","message":"incoming-api-request","method":"POST","response_time":7937.961,"status":200,"url":"/spussd/api/v1/base/router"}
{"label":"Spare Spart api logs","level":"info","message":"Success"}
{"content_length":"206","label":"Spare Spart api logs","level":"http","message":"incoming-api-request","method":"POST","response_time":8044.97,"status":200,"url":"/spussd/api/v1/base/router"}
{"label":"Spare Spart api logs","level":"info","message":"Success"}
{"content_length":"161","label":"Spare Spart api logs","level":"http","message":"incoming-api-request","method":"POST","response_time":8.35,"status":200,"url":"/spussd/api/v1/request/index"}
{"label":"Spare Spart api logs","level":"info","message":"Success"}
{"content_length":"161","label":"Spare Spart api logs","level":"http","message":"incoming-api-request","method":"POST","response_time":3694.487,"status":200,"url":"/spussd/api/v1/base/router"}
{"label":"Spare Spart api logs","level":"info","message":"Success"}
{"content_length":"157","label":"Spare Spart api logs","level":"http","message":"incoming-api-request","method":"POST","response_time":3668.477,"status":200,"url":"/spussd/api/v1/request/spare-part-code"}
{"label":"Spare Spart api logs","level":"info","message":"Success"}
{"content_length":"157","label":"Spare Spart api logs","level":"http","message":"incoming-api-request","method":"POST","response_time":8766.75,"status":200,"url":"/spussd/api/v1/base/router"}
