{"label":"Spare Spart api logs","level":"debug","message":"Spare Part USSD Service: Running in development mode and listening on port http://:9012"}
{"label":"Spare Spart api logs","level":"info","message":"Success"}
{"content_length":"207","label":"Spare Spart api logs","level":"http","message":"incoming-api-request","method":"POST","response_time":9631.709,"status":200,"url":"/spussd/api/v1/base/router"}
{"label":"Spare Spart api logs","level":"debug","message":"Spare Part USSD Service: Running in development mode and listening on port http://:9012"}
{"label":"Spare Spart api logs","level":"debug","message":"Spare Part USSD Service: Running in development mode and listening on port http://:9012"}
{"label":"Spare Spart api logs","level":"debug","message":"Spare Part USSD Service: Running in development mode and listening on port http://:9012"}
{"label":"Spare Spart api logs","level":"debug","message":"Spare Part USSD Service: Running in development mode and listening on port http://:9012"}
{"label":"Spare Spart api logs","level":"debug","message":"Spare Part USSD Service: Running in development mode and listening on port http://:9012"}
{"label":"Spare Spart api logs","level":"debug","message":"Spare Part USSD Service: Running in development mode and listening on port http://:9012"}
{"label":"Spare Spart api logs","level":"debug","message":"Spare Part USSD Service: Running in development mode and listening on port http://:9012"}
{"label":"Spare Spart api logs","level":"info","message":"success"}
{"content_length":"572","label":"Spare Spart api logs","level":"http","message":"incoming-api-request","method":"POST","response_time":2938.59,"status":200,"url":"/spussd/api/v1/activity/add"}
{"label":"Spare Spart api logs","level":"info","message":"success"}
{"content_length":"513","label":"Spare Spart api logs","level":"http","message":"incoming-api-request","method":"POST","response_time":2308.38,"status":200,"url":"/spussd/api/v1/activity/add"}
{"label":"Spare Spart api logs","level":"info","message":"Success"}
{"content_length":"207","label":"Spare Spart api logs","level":"http","message":"incoming-api-request","method":"POST","response_time":8776.245,"status":200,"url":"/spussd/api/v1/base/router"}
{"label":"Spare Spart api logs","level":"error","message":"Not found"}
{"content_length":"34","label":"Spare Spart api logs","level":"http","message":"incoming-api-request","method":"POST","response_time":1.978,"status":404,"url":"/spussd/api/v1/cart/index"}
{"label":"Spare Spart api logs","level":"error","message":"Success"}
{"content_length":"173","label":"Spare Spart api logs","level":"http","message":"incoming-api-request","method":"POST","response_time":3989.051,"status":200,"url":"/spussd/api/v1/base/router"}
{"label":"Spare Spart api logs","level":"debug","message":"Spare Part USSD Service: Running in development mode and listening on port http://:9012"}
{"label":"Spare Spart api logs","level":"debug","message":"Spare Part USSD Service: Running in development mode and listening on port http://:9012"}
{"label":"Spare Spart api logs","level":"debug","message":"Spare Part USSD Service: Running in development mode and listening on port http://:9012"}
{"label":"Spare Spart api logs","level":"debug","message":"Spare Part USSD Service: Running in development mode and listening on port http://:9012"}
{"label":"Spare Spart api logs","level":"debug","message":"Spare Part USSD Service: Running in development mode and listening on port http://:9012"}
{"label":"Spare Spart api logs","level":"debug","message":"Spare Part USSD Service: Running in development mode and listening on port http://:9012"}
{"label":"Spare Spart api logs","level":"debug","message":"Spare Part USSD Service: Running in development mode and listening on port http://:9012"}
{"label":"Spare Spart api logs","level":"debug","message":"Spare Part USSD Service: Running in development mode and listening on port http://:9012"}
{"label":"Spare Spart api logs","level":"debug","message":"Spare Part USSD Service: Running in development mode and listening on port http://:9012"}
{"label":"Spare Spart api logs","level":"debug","message":"Spare Part USSD Service: Running in development mode and listening on port http://:9012"}
{"label":"Spare Spart api logs","level":"debug","message":"Spare Part USSD Service: Running in development mode and listening on port http://:9012"}
{"label":"Spare Spart api logs","level":"debug","message":"Spare Part USSD Service: Running in development mode and listening on port http://:9012"}
{"label":"Spare Spart api logs","level":"debug","message":"Spare Part USSD Service: Running in development mode and listening on port http://:9012"}
{"label":"Spare Spart api logs","level":"debug","message":"Spare Part USSD Service: Running in development mode and listening on port http://:9012"}
{"label":"Spare Spart api logs","level":"debug","message":"Spare Part USSD Service: Running in development mode and listening on port http://:9012"}
{"label":"Spare Spart api logs","level":"debug","message":"Spare Part USSD Service: Running in development mode and listening on port http://:9012"}
{"label":"Spare Spart api logs","level":"debug","message":"Spare Part USSD Service: Running in development mode and listening on port http://:9012"}
{"label":"Spare Spart api logs","level":"debug","message":"Spare Part USSD Service: Running in development mode and listening on port http://:9012"}
{"label":"Spare Spart api logs","level":"debug","message":"Spare Part USSD Service: Running in development mode and listening on port http://:9012"}
{"label":"Spare Spart api logs","level":"debug","message":"Spare Part USSD Service: Running in development mode and listening on port http://:9012"}
{"label":"Spare Spart api logs","level":"debug","message":"Spare Part USSD Service: Running in development mode and listening on port http://:9012"}
{"label":"Spare Spart api logs","level":"debug","message":"Spare Part USSD Service: Running in development mode and listening on port http://:9012"}
{"label":"Spare Spart api logs","level":"debug","message":"Spare Part USSD Service: Running in development mode and listening on port http://:9012"}
{"label":"Spare Spart api logs","level":"debug","message":"Spare Part USSD Service: Running in development mode and listening on port http://:9012"}
{"label":"Spare Spart api logs","level":"debug","message":"Spare Part USSD Service: Running in development mode and listening on port http://:9012"}
{"label":"Spare Spart api logs","level":"debug","message":"Spare Part USSD Service: Running in development mode and listening on port http://:9012"}
{"label":"Spare Spart api logs","level":"debug","message":"Spare Part USSD Service: Running in development mode and listening on port http://:9012"}
{"label":"Spare Spart api logs","level":"debug","message":"Spare Part USSD Service: Running in development mode and listening on port http://:9012"}
{"label":"Spare Spart api logs","level":"debug","message":"Spare Part USSD Service: Running in development mode and listening on port http://:9012"}
{"label":"Spare Spart api logs","level":"debug","message":"Spare Part USSD Service: Running in development mode and listening on port http://:9012"}
{"label":"Spare Spart api logs","level":"debug","message":"Spare Part USSD Service: Running in development mode and listening on port http://:9012"}
{"label":"Spare Spart api logs","level":"debug","message":"Spare Part USSD Service: Running in development mode and listening on port http://:9012"}
{"label":"Spare Spart api logs","level":"debug","message":"Spare Part USSD Service: Running in development mode and listening on port http://:9012"}
{"label":"Spare Spart api logs","level":"debug","message":"Spare Part USSD Service: Running in development mode and listening on port http://:9012"}
{"label":"Spare Spart api logs","level":"debug","message":"Spare Part USSD Service: Running in development mode and listening on port http://:9012"}
{"label":"Spare Spart api logs","level":"debug","message":"Spare Part USSD Service: Running in development mode and listening on port http://:9012"}
{"label":"Spare Spart api logs","level":"debug","message":"Spare Part USSD Service: Running in development mode and listening on port http://:9012"}
{"label":"Spare Spart api logs","level":"debug","message":"Spare Part USSD Service: Running in development mode and listening on port http://:9012"}
{"label":"Spare Spart api logs","level":"debug","message":"Spare Part USSD Service: Running in development mode and listening on port http://:9012"}
{"label":"Spare Spart api logs","level":"debug","message":"Spare Part USSD Service: Running in development mode and listening on port http://:9012"}
{"label":"Spare Spart api logs","level":"debug","message":"Spare Part USSD Service: Running in development mode and listening on port http://:9012"}
{"label":"Spare Spart api logs","level":"debug","message":"Spare Part USSD Service: Running in development mode and listening on port http://:9012"}
{"label":"Spare Spart api logs","level":"debug","message":"Spare Part USSD Service: Running in development mode and listening on port http://:9012"}
{"label":"Spare Spart api logs","level":"debug","message":"Spare Part USSD Service: Running in development mode and listening on port http://:9012"}
{"label":"Spare Spart api logs","level":"debug","message":"Spare Part USSD Service: Running in development mode and listening on port http://:9012"}
{"label":"Spare Spart api logs","level":"debug","message":"Spare Part USSD Service: Running in development mode and listening on port http://:9012"}
{"label":"Spare Spart api logs","level":"debug","message":"Spare Part USSD Service: Running in development mode and listening on port http://:9012"}
{"label":"Spare Spart api logs","level":"debug","message":"Spare Part USSD Service: Running in development mode and listening on port http://:9012"}
{"label":"Spare Spart api logs","level":"debug","message":"Spare Part USSD Service: Running in development mode and listening on port http://:9012"}
{"label":"Spare Spart api logs","level":"debug","message":"Spare Part USSD Service: Running in development mode and listening on port http://:9012"}
{"label":"Spare Spart api logs","level":"debug","message":"Spare Part USSD Service: Running in development mode and listening on port http://:9012"}
{"label":"Spare Spart api logs","level":"debug","message":"Spare Part USSD Service: Running in development mode and listening on port http://:9012"}
{"label":"Spare Spart api logs","level":"info","message":"Success"}
{"label":"Spare Spart api logs","level":"http","message":"incoming-api-request","method":"POST","response_time":2.094,"status":200,"url":"/spussd/api/v1/cart/index"}
{"label":"Spare Spart api logs","level":"error","message":"UtilityHelper.initialiaseRequest is not a function"}
{"label":"Spare Spart api logs","level":"error","message":"Cannot set properties of undefined (setting 'status')"}
{"label":"Spare Spart api logs","level":"error","message":"Success"}
{"content_length":"173","label":"Spare Spart api logs","level":"http","message":"incoming-api-request","method":"POST","response_time":4666.81,"status":200,"url":"/spussd/api/v1/base/router"}
{"label":"Spare Spart api logs","level":"debug","message":"Spare Part USSD Service: Running in development mode and listening on port http://:9012"}
{"label":"Spare Spart api logs","level":"info","message":"Success"}
{"label":"Spare Spart api logs","level":"http","message":"incoming-api-request","method":"POST","response_time":6.201,"status":200,"url":"/spussd/api/v1/cart/index"}
{"label":"Spare Spart api logs","level":"error","message":"UtilityHelper.initialiaseRequest is not a function"}
{"label":"Spare Spart api logs","level":"error","message":"Cannot set properties of undefined (setting 'status')"}
{"label":"Spare Spart api logs","level":"error","message":"Success"}
{"content_length":"173","label":"Spare Spart api logs","level":"http","message":"incoming-api-request","method":"POST","response_time":3633.582,"status":200,"url":"/spussd/api/v1/base/router"}
{"label":"Spare Spart api logs","level":"debug","message":"Spare Part USSD Service: Running in development mode and listening on port http://:9012"}
{"label":"Spare Spart api logs","level":"debug","message":"Spare Part USSD Service: Running in development mode and listening on port http://:9012"}
{"label":"Spare Spart api logs","level":"debug","message":"Spare Part USSD Service: Running in development mode and listening on port http://:9012"}
{"label":"Spare Spart api logs","level":"debug","message":"Spare Part USSD Service: Running in development mode and listening on port http://:9012"}
{"label":"Spare Spart api logs","level":"debug","message":"Spare Part USSD Service: Running in development mode and listening on port http://:9012"}
{"label":"Spare Spart api logs","level":"debug","message":"Spare Part USSD Service: Running in development mode and listening on port http://:9012"}
{"label":"Spare Spart api logs","level":"info","message":"Success"}
{"label":"Spare Spart api logs","level":"http","message":"incoming-api-request","method":"POST","response_time":2.165,"status":200,"url":"/spussd/api/v1/cart/index"}
{"label":"Spare Spart api logs","level":"error","message":"Cannot set properties of undefined (setting 'status')"}
{"label":"Spare Spart api logs","level":"error","message":"Success"}
{"content_length":"173","label":"Spare Spart api logs","level":"http","message":"incoming-api-request","method":"POST","response_time":4866.68,"status":200,"url":"/spussd/api/v1/base/router"}
{"label":"Spare Spart api logs","level":"error","message":"UtilityHelper.generateDisplayText is not a function"}
{"label":"Spare Spart api logs","level":"debug","message":"Spare Part USSD Service: Running in development mode and listening on port http://:9012"}
{"label":"Spare Spart api logs","level":"debug","message":"Spare Part USSD Service: Running in development mode and listening on port http://:9012"}
{"label":"Spare Spart api logs","level":"debug","message":"Spare Part USSD Service: Running in development mode and listening on port http://:9012"}
{"label":"Spare Spart api logs","level":"info","message":"Success"}
{"label":"Spare Spart api logs","level":"http","message":"incoming-api-request","method":"POST","response_time":3.204,"status":200,"url":"/spussd/api/v1/cart/index"}
{"label":"Spare Spart api logs","level":"error","message":"Cannot set properties of undefined (setting 'status')"}
{"label":"Spare Spart api logs","level":"error","message":"Success"}
{"content_length":"173","label":"Spare Spart api logs","level":"http","message":"incoming-api-request","method":"POST","response_time":4011.25,"status":200,"url":"/spussd/api/v1/base/router"}
{"label":"Spare Spart api logs","level":"error","message":"Cannot set properties of undefined (setting 'requestType')"}
{"label":"Spare Spart api logs","level":"info","message":"Success"}
{"label":"Spare Spart api logs","level":"http","message":"incoming-api-request","method":"POST","response_time":4.333,"status":200,"url":"/spussd/api/v1/cart/index"}
{"label":"Spare Spart api logs","level":"error","message":"Cannot set properties of undefined (setting 'status')"}
{"label":"Spare Spart api logs","level":"error","message":"Success"}
{"content_length":"173","label":"Spare Spart api logs","level":"http","message":"incoming-api-request","method":"POST","response_time":3608.673,"status":200,"url":"/spussd/api/v1/base/router"}
{"label":"Spare Spart api logs","level":"error","message":"Cannot set properties of undefined (setting 'requestType')"}
{"label":"Spare Spart api logs","level":"debug","message":"Spare Part USSD Service: Running in development mode and listening on port http://:9012"}
{"label":"Spare Spart api logs","level":"debug","message":"Spare Part USSD Service: Running in development mode and listening on port http://:9012"}
{"label":"Spare Spart api logs","level":"debug","message":"Spare Part USSD Service: Running in development mode and listening on port http://:9012"}
{"label":"Spare Spart api logs","level":"debug","message":"Spare Part USSD Service: Running in development mode and listening on port http://:9012"}
{"label":"Spare Spart api logs","level":"debug","message":"Spare Part USSD Service: Running in development mode and listening on port http://:9012"}
{"label":"Spare Spart api logs","level":"debug","message":"Spare Part USSD Service: Running in development mode and listening on port http://:9012"}
{"label":"Spare Spart api logs","level":"debug","message":"Spare Part USSD Service: Running in development mode and listening on port http://:9012"}
{"label":"Spare Spart api logs","level":"debug","message":"Spare Part USSD Service: Running in development mode and listening on port http://:9012"}
{"label":"Spare Spart api logs","level":"debug","message":"Spare Part USSD Service: Running in development mode and listening on port http://:9012"}
{"label":"Spare Spart api logs","level":"info","message":"Success"}
{"label":"Spare Spart api logs","level":"http","message":"incoming-api-request","method":"POST","response_time":4.483,"status":200,"url":"/spussd/api/v1/cart/index"}
{"label":"Spare Spart api logs","level":"error","message":"Cannot set properties of undefined (setting 'status')"}
{"label":"Spare Spart api logs","level":"error","message":"Success"}
{"content_length":"173","label":"Spare Spart api logs","level":"http","message":"incoming-api-request","method":"POST","response_time":3796.533,"status":200,"url":"/spussd/api/v1/base/router"}
{"label":"Spare Spart api logs","level":"debug","message":"Spare Part USSD Service: Running in development mode and listening on port http://:9012"}
{"label":"Spare Spart api logs","level":"debug","message":"Spare Part USSD Service: Running in development mode and listening on port http://:9012"}
{"label":"Spare Spart api logs","level":"debug","message":"Spare Part USSD Service: Running in development mode and listening on port http://:9012"}
{"label":"Spare Spart api logs","level":"debug","message":"Spare Part USSD Service: Running in development mode and listening on port http://:9012"}
{"label":"Spare Spart api logs","level":"debug","message":"Spare Part USSD Service: Running in development mode and listening on port http://:9012"}
{"label":"Spare Spart api logs","level":"debug","message":"Spare Part USSD Service: Running in development mode and listening on port http://:9012"}
{"label":"Spare Spart api logs","level":"debug","message":"Spare Part USSD Service: Running in development mode and listening on port http://:9012"}
{"label":"Spare Spart api logs","level":"debug","message":"Spare Part USSD Service: Running in development mode and listening on port http://:9012"}
{"label":"Spare Spart api logs","level":"debug","message":"Spare Part USSD Service: Running in development mode and listening on port http://:9012"}
{"label":"Spare Spart api logs","level":"debug","message":"Spare Part USSD Service: Running in development mode and listening on port http://:9012"}
{"label":"Spare Spart api logs","level":"debug","message":"Spare Part USSD Service: Running in development mode and listening on port http://:9012"}
{"label":"Spare Spart api logs","level":"debug","message":"Spare Part USSD Service: Running in development mode and listening on port http://:9012"}
{"label":"Spare Spart api logs","level":"debug","message":"Spare Part USSD Service: Running in development mode and listening on port http://:9012"}
{"label":"Spare Spart api logs","level":"debug","message":"Spare Part USSD Service: Running in development mode and listening on port http://:9012"}
{"label":"Spare Spart api logs","level":"info","message":"Success"}
{"label":"Spare Spart api logs","level":"http","message":"incoming-api-request","method":"POST","response_time":3.458,"status":200,"url":"/spussd/api/v1/cart/index"}
{"label":"Spare Spart api logs","level":"error","message":"Cannot set properties of undefined (setting 'status')"}
{"label":"Spare Spart api logs","level":"error","message":"Success"}
{"content_length":"173","label":"Spare Spart api logs","level":"http","message":"incoming-api-request","method":"POST","response_time":4486.38,"status":200,"url":"/spussd/api/v1/base/router"}
{"label":"Spare Spart api logs","level":"debug","message":"Spare Part USSD Service: Running in development mode and listening on port http://:9012"}
{"label":"Spare Spart api logs","level":"info","message":"Success"}
{"content_length":"170","label":"Spare Spart api logs","level":"http","message":"incoming-api-request","method":"POST","response_time":1320.03,"status":200,"url":"/spussd/api/v1/cart/index"}
{"label":"Spare Spart api logs","level":"info","message":"Success"}
{"content_length":"170","label":"Spare Spart api logs","level":"http","message":"incoming-api-request","method":"POST","response_time":5566.751,"status":200,"url":"/spussd/api/v1/base/router"}
{"label":"Spare Spart api logs","level":"debug","message":"Spare Part USSD Service: Running in development mode and listening on port http://:9012"}
{"label":"Spare Spart api logs","level":"debug","message":"Spare Part USSD Service: Running in development mode and listening on port http://:9012"}
{"clientVersion":"5.22.0","label":"Spare Spart api logs","level":"error","message":"\nInvalid `prisma.activity.findFirst()` invocation in\n/Users/testdevice/Desktop/Source Code/Node JS/Spare Part/SPUSSD/DBFunctions/ActivityDb.js:37:44\n\n  34 \n  35 ussd.byBaseIDanddisplayNumber = async (baseID,displayNumber) => {\n  36     try {\n→ 37         const user = await prisma.activity.findFirst({\n               where: {\n                 base_id: \"a2ce040e-93ef-48ab-8d92-496c1d19885b\",\n                 display_number: \"1\",\n                                 ~~~\n                 status: 1\n               }\n             })\n\nArgument `display_number`: Invalid value provided. Expected IntFilter or Int, provided String.","name":"PrismaClientValidationError","stack":"PrismaClientValidationError: \nInvalid `prisma.activity.findFirst()` invocation in\n/Users/testdevice/Desktop/Source Code/Node JS/Spare Part/SPUSSD/DBFunctions/ActivityDb.js:37:44\n\n  34 \n  35 ussd.byBaseIDanddisplayNumber = async (baseID,displayNumber) => {\n  36     try {\n→ 37         const user = await prisma.activity.findFirst({\n               where: {\n                 base_id: \"a2ce040e-93ef-48ab-8d92-496c1d19885b\",\n                 display_number: \"1\",\n                                 ~~~\n                 status: 1\n               }\n             })\n\nArgument `display_number`: Invalid value provided. Expected IntFilter or Int, provided String.\n    at wn (/Users/testdevice/Desktop/Source Code/Node JS/Spare Part/SPUSSD/node_modules/@prisma/client/runtime/library.js:29:1363)\n    at $n.handleRequestError (/Users/testdevice/Desktop/Source Code/Node JS/Spare Part/SPUSSD/node_modules/@prisma/client/runtime/library.js:121:6958)\n    at $n.handleAndLogRequestError (/Users/testdevice/Desktop/Source Code/Node JS/Spare Part/SPUSSD/node_modules/@prisma/client/runtime/library.js:121:6623)\n    at $n.request (/Users/testdevice/Desktop/Source Code/Node JS/Spare Part/SPUSSD/node_modules/@prisma/client/runtime/library.js:121:6307)\n    at async l (/Users/testdevice/Desktop/Source Code/Node JS/Spare Part/SPUSSD/node_modules/@prisma/client/runtime/library.js:130:9633)\n    at async ussd.byBaseIDanddisplayNumber (/Users/testdevice/Desktop/Source Code/Node JS/Spare Part/SPUSSD/DBFunctions/ActivityDb.js:37:22)\n    at async /Users/testdevice/Desktop/Source Code/Node JS/Spare Part/SPUSSD/controllers/BaseControler.js:266:50"}
{"label":"Spare Spart api logs","level":"error","message":"\nInvalid `prisma.activity.findFirst()` invocation in\n/Users/testdevice/Desktop/Source Code/Node JS/Spare Part/SPUSSD/DBFunctions/ActivityDb.js:37:44\n\n  34 \n  35 ussd.byBaseIDanddisplayNumber = async (baseID,displayNumber) => {\n  36     try {\n→ 37         const user = await prisma.activity.findFirst({\n               where: {\n                 base_id: \"a2ce040e-93ef-48ab-8d92-496c1d19885b\",\n                 display_number: \"1\",\n                                 ~~~\n                 status: 1\n               }\n             })\n\nArgument `display_number`: Invalid value provided. Expected IntFilter or Int, provided String."}
{"content_length":"669","label":"Spare Spart api logs","level":"http","message":"incoming-api-request","method":"POST","response_time":5760.45,"status":500,"url":"/spussd/api/v1/base/router"}
{"label":"Spare Spart api logs","level":"debug","message":"Spare Part USSD Service: Running in development mode and listening on port http://:9012"}
{"label":"Spare Spart api logs","level":"debug","message":"Spare Part USSD Service: Running in development mode and listening on port http://:9012"}
{"label":"Spare Spart api logs","level":"info","message":"Success"}
{"content_length":"254","label":"Spare Spart api logs","level":"http","message":"incoming-api-request","method":"POST","response_time":7510.977,"status":200,"url":"/spussd/api/v1/cart/checkout-index"}
{"label":"Spare Spart api logs","level":"info","message":"Success"}
{"content_length":"254","label":"Spare Spart api logs","level":"http","message":"incoming-api-request","method":"POST","response_time":12442.22,"status":200,"url":"/spussd/api/v1/base/router"}
{"label":"Spare Spart api logs","level":"info","message":"success"}
{"content_length":"573","label":"Spare Spart api logs","level":"http","message":"incoming-api-request","method":"POST","response_time":2430.264,"status":200,"url":"/spussd/api/v1/activity/add"}
{"label":"Spare Spart api logs","level":"debug","message":"Spare Part USSD Service: Running in development mode and listening on port http://:9012"}
{"label":"Spare Spart api logs","level":"debug","message":"Spare Part USSD Service: Running in development mode and listening on port http://:9012"}
{"label":"Spare Spart api logs","level":"debug","message":"Spare Part USSD Service: Running in development mode and listening on port http://:9012"}
{"label":"Spare Spart api logs","level":"debug","message":"Spare Part USSD Service: Running in development mode and listening on port http://:9012"}
{"label":"Spare Spart api logs","level":"debug","message":"Spare Part USSD Service: Running in development mode and listening on port http://:9012"}
{"label":"Spare Spart api logs","level":"debug","message":"Spare Part USSD Service: Running in development mode and listening on port http://:9012"}
{"label":"Spare Spart api logs","level":"debug","message":"Spare Part USSD Service: Running in development mode and listening on port http://:9012"}
{"label":"Spare Spart api logs","level":"debug","message":"Spare Part USSD Service: Running in development mode and listening on port http://:9012"}
{"label":"Spare Spart api logs","level":"debug","message":"Spare Part USSD Service: Running in development mode and listening on port http://:9012"}
{"label":"Spare Spart api logs","level":"debug","message":"Spare Part USSD Service: Running in development mode and listening on port http://:9012"}
{"label":"Spare Spart api logs","level":"debug","message":"Spare Part USSD Service: Running in development mode and listening on port http://:9012"}
{"label":"Spare Spart api logs","level":"debug","message":"Spare Part USSD Service: Running in development mode and listening on port http://:9012"}
{"label":"Spare Spart api logs","level":"debug","message":"Spare Part USSD Service: Running in development mode and listening on port http://:9012"}
{"label":"Spare Spart api logs","level":"debug","message":"Spare Part USSD Service: Running in development mode and listening on port http://:9012"}
{"label":"Spare Spart api logs","level":"debug","message":"Spare Part USSD Service: Running in development mode and listening on port http://:9012"}
{"label":"Spare Spart api logs","level":"debug","message":"Spare Part USSD Service: Running in development mode and listening on port http://:9012"}
{"label":"Spare Spart api logs","level":"debug","message":"Spare Part USSD Service: Running in development mode and listening on port http://:9012"}
{"label":"Spare Spart api logs","level":"debug","message":"Spare Part USSD Service: Running in development mode and listening on port http://:9012"}
{"label":"Spare Spart api logs","level":"debug","message":"Spare Part USSD Service: Running in development mode and listening on port http://:9012"}
{"label":"Spare Spart api logs","level":"debug","message":"Spare Part USSD Service: Running in development mode and listening on port http://:9012"}
{"label":"Spare Spart api logs","level":"debug","message":"Spare Part USSD Service: Running in development mode and listening on port http://:9012"}
{"label":"Spare Spart api logs","level":"debug","message":"Spare Part USSD Service: Running in development mode and listening on port http://:9012"}
{"label":"Spare Spart api logs","level":"debug","message":"Spare Part USSD Service: Running in development mode and listening on port http://:9012"}
{"label":"Spare Spart api logs","level":"debug","message":"Spare Part USSD Service: Running in development mode and listening on port http://:9012"}
{"label":"Spare Spart api logs","level":"debug","message":"Spare Part USSD Service: Running in development mode and listening on port http://:9012"}
{"label":"Spare Spart api logs","level":"debug","message":"Spare Part USSD Service: Running in development mode and listening on port http://:9012"}
{"label":"Spare Spart api logs","level":"debug","message":"Spare Part USSD Service: Running in development mode and listening on port http://:9012"}
{"label":"Spare Spart api logs","level":"debug","message":"Spare Part USSD Service: Running in development mode and listening on port http://:9012"}
{"label":"Spare Spart api logs","level":"debug","message":"Spare Part USSD Service: Running in development mode and listening on port http://:9012"}
{"label":"Spare Spart api logs","level":"debug","message":"Spare Part USSD Service: Running in development mode and listening on port http://:9012"}
{"label":"Spare Spart api logs","level":"debug","message":"Spare Part USSD Service: Running in development mode and listening on port http://:9012"}
{"label":"Spare Spart api logs","level":"debug","message":"Spare Part USSD Service: Running in development mode and listening on port http://:9012"}
{"label":"Spare Spart api logs","level":"debug","message":"Spare Part USSD Service: Running in development mode and listening on port http://:9012"}
{"label":"Spare Spart api logs","level":"debug","message":"Spare Part USSD Service: Running in development mode and listening on port http://:9012"}
{"label":"Spare Spart api logs","level":"error","message":"Success"}
{"content_length":"220","label":"Spare Spart api logs","level":"http","message":"incoming-api-request","method":"POST","response_time":3.643,"status":200,"url":"/spussd/api/v1/cart/complete-checkout"}
{"label":"Spare Spart api logs","level":"error","message":"newUserUpdate is not defined"}
{"label":"Spare Spart api logs","level":"error","message":"Success"}
{"content_length":"220","label":"Spare Spart api logs","level":"http","message":"incoming-api-request","method":"POST","response_time":5619.791,"status":200,"url":"/spussd/api/v1/base/router"}
{"label":"Spare Spart api logs","level":"debug","message":"Spare Part USSD Service: Running in development mode and listening on port http://:9012"}
{"label":"Spare Spart api logs","level":"debug","message":"Spare Part USSD Service: Running in development mode and listening on port http://:9012"}
{"label":"Spare Spart api logs","level":"info","message":"Success"}
{"content_length":"202","label":"Spare Spart api logs","level":"http","message":"incoming-api-request","method":"POST","response_time":8882.128,"status":200,"url":"/spussd/api/v1/base/router"}
{"label":"Spare Spart api logs","level":"info","message":"Success"}
{"content_length":"202","label":"Spare Spart api logs","level":"http","message":"incoming-api-request","method":"POST","response_time":7647.653,"status":200,"url":"/spussd/api/v1/base/router"}
{"label":"Spare Spart api logs","level":"info","message":"Success"}
{"content_length":"204","label":"Spare Spart api logs","level":"http","message":"incoming-api-request","method":"POST","response_time":7383.588,"status":200,"url":"/spussd/api/v1/base/router"}
{"label":"Spare Spart api logs","level":"info","message":"Success"}
{"content_length":"167","label":"Spare Spart api logs","level":"http","message":"incoming-api-request","method":"POST","response_time":1614.584,"status":200,"url":"/spussd/api/v1/cart/index"}
{"label":"Spare Spart api logs","level":"info","message":"Success"}
{"content_length":"167","label":"Spare Spart api logs","level":"http","message":"incoming-api-request","method":"POST","response_time":5423.712,"status":200,"url":"/spussd/api/v1/base/router"}
{"label":"Spare Spart api logs","level":"info","message":"Success"}
{"content_length":"243","label":"Spare Spart api logs","level":"http","message":"incoming-api-request","method":"POST","response_time":6898.867,"status":200,"url":"/spussd/api/v1/cart/checkout-index"}
{"label":"Spare Spart api logs","level":"info","message":"Success"}
{"content_length":"243","label":"Spare Spart api logs","level":"http","message":"incoming-api-request","method":"POST","response_time":11934.715,"status":200,"url":"/spussd/api/v1/base/router"}
{"label":"Spare Spart api logs","level":"error","message":"Success"}
{"content_length":"217","label":"Spare Spart api logs","level":"http","message":"incoming-api-request","method":"POST","response_time":3.774,"status":200,"url":"/spussd/api/v1/cart/complete-checkout"}
{"label":"Spare Spart api logs","level":"error","message":"Success"}
{"content_length":"217","label":"Spare Spart api logs","level":"http","message":"incoming-api-request","method":"POST","response_time":4922.761,"status":200,"url":"/spussd/api/v1/base/router"}
{"label":"Spare Spart api logs","level":"debug","message":"Spare Part USSD Service: Running in development mode and listening on port http://:9012"}
{"label":"Spare Spart api logs","level":"info","message":"Success"}
{"content_length":"202","label":"Spare Spart api logs","level":"http","message":"incoming-api-request","method":"POST","response_time":8470.862,"status":200,"url":"/spussd/api/v1/base/router"}
{"label":"Spare Spart api logs","level":"info","message":"Success"}
{"content_length":"301","label":"Spare Spart api logs","level":"http","message":"incoming-api-request","method":"POST","response_time":4790.982,"status":200,"url":"/spussd/api/v1/bidding/index"}
{"label":"Spare Spart api logs","level":"info","message":"Success"}
{"content_length":"301","label":"Spare Spart api logs","level":"http","message":"incoming-api-request","method":"POST","response_time":8288.283,"status":200,"url":"/spussd/api/v1/base/router"}
{"label":"Spare Spart api logs","level":"info","message":"Success"}
{"content_length":"206","label":"Spare Spart api logs","level":"http","message":"incoming-api-request","method":"POST","response_time":7290.314,"status":200,"url":"/spussd/api/v1/base/router"}
{"label":"Spare Spart api logs","level":"info","message":"Success"}
{"content_length":"305","label":"Spare Spart api logs","level":"http","message":"incoming-api-request","method":"POST","response_time":4733.348,"status":200,"url":"/spussd/api/v1/bidding/index"}
{"label":"Spare Spart api logs","level":"info","message":"Success"}
{"content_length":"305","label":"Spare Spart api logs","level":"http","message":"incoming-api-request","method":"POST","response_time":8448.289,"status":200,"url":"/spussd/api/v1/base/router"}
{"label":"Spare Spart api logs","level":"info","message":"Success"}
{"content_length":"207","label":"Spare Spart api logs","level":"http","message":"incoming-api-request","method":"POST","response_time":3.064,"status":200,"url":"/spussd/api/v1/bidding/selected-request"}
{"label":"Spare Spart api logs","level":"info","message":"Success"}
{"content_length":"207","label":"Spare Spart api logs","level":"http","message":"incoming-api-request","method":"POST","response_time":5108.497,"status":200,"url":"/spussd/api/v1/base/router"}
{"label":"Spare Spart api logs","level":"info","message":"Success"}
{"content_length":"251","label":"Spare Spart api logs","level":"http","message":"incoming-api-request","method":"POST","response_time":2.106,"status":200,"url":"/spussd/api/v1/bidding/selected-bid"}
{"label":"Spare Spart api logs","level":"info","message":"Success"}
{"content_length":"251","label":"Spare Spart api logs","level":"http","message":"incoming-api-request","method":"POST","response_time":4742.741,"status":200,"url":"/spussd/api/v1/base/router"}
{"label":"Spare Spart api logs","level":"info","message":"Success"}
{"content_length":"217","label":"Spare Spart api logs","level":"http","message":"incoming-api-request","method":"POST","response_time":1188.369,"status":200,"url":"/spussd/api/v1/bidding/add-bid-to-cart"}
{"label":"Spare Spart api logs","level":"info","message":"Success"}
{"content_length":"217","label":"Spare Spart api logs","level":"http","message":"incoming-api-request","method":"POST","response_time":6202.362,"status":200,"url":"/spussd/api/v1/base/router"}
{"label":"Spare Spart api logs","level":"info","message":"Success"}
{"content_length":"169","label":"Spare Spart api logs","level":"http","message":"incoming-api-request","method":"POST","response_time":1206.846,"status":200,"url":"/spussd/api/v1/cart/index"}
{"label":"Spare Spart api logs","level":"info","message":"Success"}
{"content_length":"169","label":"Spare Spart api logs","level":"http","message":"incoming-api-request","method":"POST","response_time":4985.768,"status":200,"url":"/spussd/api/v1/base/router"}
{"label":"Spare Spart api logs","level":"info","message":"Success"}
{"content_length":"279","label":"Spare Spart api logs","level":"http","message":"incoming-api-request","method":"POST","response_time":5443.915,"status":200,"url":"/spussd/api/v1/cart/checkout-index"}
{"label":"Spare Spart api logs","level":"info","message":"Success"}
{"content_length":"279","label":"Spare Spart api logs","level":"http","message":"incoming-api-request","method":"POST","response_time":10304.593,"status":200,"url":"/spussd/api/v1/base/router"}
{"label":"Spare Spart api logs","level":"debug","message":"Spare Part USSD Service: Running in development mode and listening on port http://:9012"}
{"label":"Spare Spart api logs","level":"debug","message":"Spare Part USSD Service: Running in development mode and listening on port http://:9012"}
{"label":"Spare Spart api logs","level":"debug","message":"Spare Part USSD Service: Running in development mode and listening on port http://:9012"}
{"label":"Spare Spart api logs","level":"debug","message":"Spare Part USSD Service: Running in development mode and listening on port http://:9012"}
{"label":"Spare Spart api logs","level":"debug","message":"Spare Part USSD Service: Running in development mode and listening on port http://:9012"}
{"label":"Spare Spart api logs","level":"debug","message":"Spare Part USSD Service: Running in development mode and listening on port http://:9012"}
{"label":"Spare Spart api logs","level":"debug","message":"Spare Part USSD Service: Running in development mode and listening on port http://:9012"}
{"label":"Spare Spart api logs","level":"debug","message":"Spare Part USSD Service: Running in development mode and listening on port http://:9012"}
{"label":"Spare Spart api logs","level":"debug","message":"Spare Part USSD Service: Running in development mode and listening on port http://:9012"}
{"label":"Spare Spart api logs","level":"debug","message":"Spare Part USSD Service: Running in development mode and listening on port http://:9012"}
{"label":"Spare Spart api logs","level":"debug","message":"Spare Part USSD Service: Running in development mode and listening on port http://:9012"}
{"label":"Spare Spart api logs","level":"debug","message":"Spare Part USSD Service: Running in development mode and listening on port http://:9012"}
{"label":"Spare Spart api logs","level":"debug","message":"Spare Part USSD Service: Running in development mode and listening on port http://:9012"}
{"label":"Spare Spart api logs","level":"debug","message":"Spare Part USSD Service: Running in development mode and listening on port http://:9012"}
{"label":"Spare Spart api logs","level":"debug","message":"Spare Part USSD Service: Running in development mode and listening on port http://:9012"}
{"label":"Spare Spart api logs","level":"debug","message":"Spare Part USSD Service: Running in development mode and listening on port http://:9012"}
{"label":"Spare Spart api logs","level":"debug","message":"Spare Part USSD Service: Running in development mode and listening on port http://:9012"}
{"label":"Spare Spart api logs","level":"debug","message":"Spare Part USSD Service: Running in development mode and listening on port http://:9012"}
{"label":"Spare Spart api logs","level":"debug","message":"Spare Part USSD Service: Running in development mode and listening on port http://:9012"}
{"label":"Spare Spart api logs","level":"debug","message":"Spare Part USSD Service: Running in development mode and listening on port http://:9012"}
{"label":"Spare Spart api logs","level":"debug","message":"Spare Part USSD Service: Running in development mode and listening on port http://:9012"}
{"label":"Spare Spart api logs","level":"debug","message":"Spare Part USSD Service: Running in development mode and listening on port http://:9012"}
{"label":"Spare Spart api logs","level":"debug","message":"Spare Part USSD Service: Running in development mode and listening on port http://:9012"}
{"label":"Spare Spart api logs","level":"debug","message":"Spare Part USSD Service: Running in development mode and listening on port http://:9012"}
{"label":"Spare Spart api logs","level":"debug","message":"Spare Part USSD Service: Running in development mode and listening on port http://:9012"}
{"label":"Spare Spart api logs","level":"debug","message":"Spare Part USSD Service: Running in development mode and listening on port http://:9012"}
{"label":"Spare Spart api logs","level":"debug","message":"Spare Part USSD Service: Running in development mode and listening on port http://:9012"}
{"label":"Spare Spart api logs","level":"debug","message":"Spare Part USSD Service: Running in development mode and listening on port http://:9012"}
{"label":"Spare Spart api logs","level":"debug","message":"Spare Part USSD Service: Running in development mode and listening on port http://:9012"}
{"label":"Spare Spart api logs","level":"debug","message":"Spare Part USSD Service: Running in development mode and listening on port http://:9012"}
{"label":"Spare Spart api logs","level":"debug","message":"Spare Part USSD Service: Running in development mode and listening on port http://:9012"}
{"label":"Spare Spart api logs","level":"debug","message":"Spare Part USSD Service: Running in development mode and listening on port http://:9012"}
{"label":"Spare Spart api logs","level":"debug","message":"Spare Part USSD Service: Running in development mode and listening on port http://:9012"}
{"label":"Spare Spart api logs","level":"debug","message":"Spare Part USSD Service: Running in development mode and listening on port http://:9012"}
{"label":"Spare Spart api logs","level":"debug","message":"Spare Part USSD Service: Running in development mode and listening on port http://:9012"}
{"label":"Spare Spart api logs","level":"info","message":"Success"}
{"content_length":"204","label":"Spare Spart api logs","level":"http","message":"incoming-api-request","method":"POST","response_time":9239.419,"status":200,"url":"/spussd/api/v1/base/router"}
{"label":"Spare Spart api logs","level":"info","message":"Success"}
{"content_length":"177","label":"Spare Spart api logs","level":"http","message":"incoming-api-request","method":"POST","response_time":1135.656,"status":200,"url":"/spussd/api/v1/cart/index"}
{"label":"Spare Spart api logs","level":"info","message":"Success"}
{"content_length":"177","label":"Spare Spart api logs","level":"http","message":"incoming-api-request","method":"POST","response_time":4594.293,"status":200,"url":"/spussd/api/v1/base/router"}
{"label":"Spare Spart api logs","level":"info","message":"Success"}
{"content_length":"221","label":"Spare Spart api logs","level":"http","message":"incoming-api-request","method":"POST","response_time":5556.026,"status":200,"url":"/spussd/api/v1/cart/remove-item-index"}
{"label":"Spare Spart api logs","level":"info","message":"Success"}
{"content_length":"221","label":"Spare Spart api logs","level":"http","message":"incoming-api-request","method":"POST","response_time":10386.243,"status":200,"url":"/spussd/api/v1/base/router"}
{"label":"Spare Spart api logs","level":"info","message":"success"}
{"content_length":"572","label":"Spare Spart api logs","level":"http","message":"incoming-api-request","method":"POST","response_time":2317.976,"status":200,"url":"/spussd/api/v1/activity/add"}
{"label":"Spare Spart api logs","level":"debug","message":"Spare Part USSD Service: Running in development mode and listening on port http://:9012"}
{"label":"Spare Spart api logs","level":"debug","message":"Spare Part USSD Service: Running in development mode and listening on port http://:9012"}
{"label":"Spare Spart api logs","level":"debug","message":"Spare Part USSD Service: Running in development mode and listening on port http://:9012"}
{"label":"Spare Spart api logs","level":"debug","message":"Spare Part USSD Service: Running in development mode and listening on port http://:9012"}
{"label":"Spare Spart api logs","level":"debug","message":"Spare Part USSD Service: Running in development mode and listening on port http://:9012"}
{"label":"Spare Spart api logs","level":"debug","message":"Spare Part USSD Service: Running in development mode and listening on port http://:9012"}
{"label":"Spare Spart api logs","level":"debug","message":"Spare Part USSD Service: Running in development mode and listening on port http://:9012"}
{"label":"Spare Spart api logs","level":"debug","message":"Spare Part USSD Service: Running in development mode and listening on port http://:9012"}
{"label":"Spare Spart api logs","level":"debug","message":"Spare Part USSD Service: Running in development mode and listening on port http://:9012"}
{"label":"Spare Spart api logs","level":"debug","message":"Spare Part USSD Service: Running in development mode and listening on port http://:9012"}
{"label":"Spare Spart api logs","level":"debug","message":"Spare Part USSD Service: Running in development mode and listening on port http://:9012"}
{"label":"Spare Spart api logs","level":"debug","message":"Spare Part USSD Service: Running in development mode and listening on port http://:9012"}
{"label":"Spare Spart api logs","level":"debug","message":"Spare Part USSD Service: Running in development mode and listening on port http://:9012"}
{"label":"Spare Spart api logs","level":"debug","message":"Spare Part USSD Service: Running in development mode and listening on port http://:9012"}
{"label":"Spare Spart api logs","level":"debug","message":"Spare Part USSD Service: Running in development mode and listening on port http://:9012"}
{"label":"Spare Spart api logs","level":"debug","message":"Spare Part USSD Service: Running in development mode and listening on port http://:9012"}
{"label":"Spare Spart api logs","level":"debug","message":"Spare Part USSD Service: Running in development mode and listening on port http://:9012"}
{"label":"Spare Spart api logs","level":"debug","message":"Spare Part USSD Service: Running in development mode and listening on port http://:9012"}
{"label":"Spare Spart api logs","level":"debug","message":"Spare Part USSD Service: Running in development mode and listening on port http://:9012"}
{"label":"Spare Spart api logs","level":"debug","message":"Spare Part USSD Service: Running in development mode and listening on port http://:9012"}
{"label":"Spare Spart api logs","level":"debug","message":"Spare Part USSD Service: Running in development mode and listening on port http://:9012"}
{"label":"Spare Spart api logs","level":"debug","message":"Spare Part USSD Service: Running in development mode and listening on port http://:9012"}
{"label":"Spare Spart api logs","level":"debug","message":"Spare Part USSD Service: Running in development mode and listening on port http://:9012"}
{"label":"Spare Spart api logs","level":"debug","message":"Spare Part USSD Service: Running in development mode and listening on port http://:9012"}
{"label":"Spare Spart api logs","level":"debug","message":"Spare Part USSD Service: Running in development mode and listening on port http://:9012"}
{"label":"Spare Spart api logs","level":"debug","message":"Spare Part USSD Service: Running in development mode and listening on port http://:9012"}
{"label":"Spare Spart api logs","level":"debug","message":"Spare Part USSD Service: Running in development mode and listening on port http://:9012"}
{"label":"Spare Spart api logs","level":"debug","message":"Spare Part USSD Service: Running in development mode and listening on port http://:9012"}
{"label":"Spare Spart api logs","level":"debug","message":"Spare Part USSD Service: Running in development mode and listening on port http://:9012"}
{"label":"Spare Spart api logs","level":"error","message":"Not found"}
{"content_length":"34","label":"Spare Spart api logs","level":"http","message":"incoming-api-request","method":"POST","response_time":1.601,"status":404,"url":"/spussd/api/v1/cart/selected-item-to-remove"}
{"label":"Spare Spart api logs","level":"error","message":"Success"}
{"content_length":"170","label":"Spare Spart api logs","level":"http","message":"incoming-api-request","method":"POST","response_time":5126.867,"status":200,"url":"/spussd/api/v1/base/router"}
{"label":"Spare Spart api logs","level":"debug","message":"Spare Part USSD Service: Running in development mode and listening on port http://:9012"}
{"label":"Spare Spart api logs","level":"debug","message":"Spare Part USSD Service: Running in development mode and listening on port http://:9012"}
{"label":"Spare Spart api logs","level":"info","message":"Success"}
{"content_length":"222","label":"Spare Spart api logs","level":"http","message":"incoming-api-request","method":"POST","response_time":3.606,"status":200,"url":"/spussd/api/v1/cart/selected-item-to-remove"}
{"label":"Spare Spart api logs","level":"info","message":"Success"}
{"content_length":"222","label":"Spare Spart api logs","level":"http","message":"incoming-api-request","method":"POST","response_time":4871.517,"status":200,"url":"/spussd/api/v1/base/router"}
{"label":"Spare Spart api logs","level":"debug","message":"Spare Part USSD Service: Running in development mode and listening on port http://:9012"}
{"label":"Spare Spart api logs","level":"debug","message":"Spare Part USSD Service: Running in development mode and listening on port http://:9012"}
{"label":"Spare Spart api logs","level":"debug","message":"Spare Part USSD Service: Running in development mode and listening on port http://:9012"}
{"label":"Spare Spart api logs","level":"debug","message":"Spare Part USSD Service: Running in development mode and listening on port http://:9012"}
{"label":"Spare Spart api logs","level":"debug","message":"Spare Part USSD Service: Running in development mode and listening on port http://:9012"}
{"label":"Spare Spart api logs","level":"debug","message":"Spare Part USSD Service: Running in development mode and listening on port http://:9012"}
{"label":"Spare Spart api logs","level":"debug","message":"Spare Part USSD Service: Running in development mode and listening on port http://:9012"}
{"label":"Spare Spart api logs","level":"debug","message":"Spare Part USSD Service: Running in development mode and listening on port http://:9012"}
{"label":"Spare Spart api logs","level":"debug","message":"Spare Part USSD Service: Running in development mode and listening on port http://:9012"}
{"label":"Spare Spart api logs","level":"debug","message":"Spare Part USSD Service: Running in development mode and listening on port http://:9012"}
{"label":"Spare Spart api logs","level":"debug","message":"Spare Part USSD Service: Running in development mode and listening on port http://:9012"}
{"label":"Spare Spart api logs","level":"debug","message":"Spare Part USSD Service: Running in development mode and listening on port http://:9012"}
{"label":"Spare Spart api logs","level":"debug","message":"Spare Part USSD Service: Running in development mode and listening on port http://:9012"}
{"label":"Spare Spart api logs","level":"debug","message":"Spare Part USSD Service: Running in development mode and listening on port http://:9012"}
{"label":"Spare Spart api logs","level":"debug","message":"Spare Part USSD Service: Running in development mode and listening on port http://:9012"}
{"label":"Spare Spart api logs","level":"debug","message":"Spare Part USSD Service: Running in development mode and listening on port http://:9012"}
{"label":"Spare Spart api logs","level":"debug","message":"Spare Part USSD Service: Running in development mode and listening on port http://:9012"}
{"label":"Spare Spart api logs","level":"debug","message":"Spare Part USSD Service: Running in development mode and listening on port http://:9012"}
{"label":"Spare Spart api logs","level":"debug","message":"Spare Part USSD Service: Running in development mode and listening on port http://:9012"}
{"label":"Spare Spart api logs","level":"debug","message":"Spare Part USSD Service: Running in development mode and listening on port http://:9012"}
{"label":"Spare Spart api logs","level":"debug","message":"Spare Part USSD Service: Running in development mode and listening on port http://:9012"}
{"label":"Spare Spart api logs","level":"debug","message":"Spare Part USSD Service: Running in development mode and listening on port http://:9012"}
{"label":"Spare Spart api logs","level":"info","message":"success"}
{"content_length":"550","label":"Spare Spart api logs","level":"http","message":"incoming-api-request","method":"POST","response_time":6136.1,"status":200,"url":"/spussd/api/v1/activity/add"}
{"label":"Spare Spart api logs","level":"debug","message":"Spare Part USSD Service: Running in development mode and listening on port http://:9012"}
{"label":"Spare Spart api logs","level":"debug","message":"Spare Part USSD Service: Running in development mode and listening on port http://:9012"}
{"label":"Spare Spart api logs","level":"debug","message":"Spare Part USSD Service: Running in development mode and listening on port http://:9012"}
{"label":"Spare Spart api logs","level":"debug","message":"Spare Part USSD Service: Running in development mode and listening on port http://:9012"}
{"label":"Spare Spart api logs","level":"debug","message":"Spare Part USSD Service: Running in development mode and listening on port http://:9012"}
{"label":"Spare Spart api logs","level":"debug","message":"Spare Part USSD Service: Running in development mode and listening on port http://:9012"}
{"label":"Spare Spart api logs","level":"debug","message":"Spare Part USSD Service: Running in development mode and listening on port http://:9012"}
{"label":"Spare Spart api logs","level":"debug","message":"Spare Part USSD Service: Running in development mode and listening on port http://:9012"}
{"label":"Spare Spart api logs","level":"debug","message":"Spare Part USSD Service: Running in development mode and listening on port http://:9012"}
{"label":"Spare Spart api logs","level":"debug","message":"Spare Part USSD Service: Running in development mode and listening on port http://:9012"}
{"label":"Spare Spart api logs","level":"debug","message":"Spare Part USSD Service: Running in development mode and listening on port http://:9012"}
{"label":"Spare Spart api logs","level":"debug","message":"Spare Part USSD Service: Running in development mode and listening on port http://:9012"}
{"label":"Spare Spart api logs","level":"debug","message":"Spare Part USSD Service: Running in development mode and listening on port http://:9012"}
{"label":"Spare Spart api logs","level":"debug","message":"Spare Part USSD Service: Running in development mode and listening on port http://:9012"}
{"label":"Spare Spart api logs","level":"debug","message":"Spare Part USSD Service: Running in development mode and listening on port http://:9012"}
{"label":"Spare Spart api logs","level":"debug","message":"Spare Part USSD Service: Running in development mode and listening on port http://:9012"}
{"label":"Spare Spart api logs","level":"debug","message":"Spare Part USSD Service: Running in development mode and listening on port http://:9012"}
{"label":"Spare Spart api logs","level":"info","message":"Success"}
{"content_length":"220","label":"Spare Spart api logs","level":"http","message":"incoming-api-request","method":"POST","response_time":1221.593,"status":200,"url":"/spussd/api/v1/cart/complete-reomove-item"}
{"label":"Spare Spart api logs","level":"info","message":"Success"}
{"content_length":"220","label":"Spare Spart api logs","level":"http","message":"incoming-api-request","method":"POST","response_time":6434.025,"status":200,"url":"/spussd/api/v1/base/router"}
{"label":"Spare Spart api logs","level":"info","message":"Success"}
{"content_length":"177","label":"Spare Spart api logs","level":"http","message":"incoming-api-request","method":"POST","response_time":1209.604,"status":200,"url":"/spussd/api/v1/cart/index"}
{"label":"Spare Spart api logs","level":"info","message":"Success"}
{"content_length":"177","label":"Spare Spart api logs","level":"http","message":"incoming-api-request","method":"POST","response_time":4728.277,"status":200,"url":"/spussd/api/v1/base/router"}
{"label":"Spare Spart api logs","level":"info","message":"Success"}
{"content_length":"189","label":"Spare Spart api logs","level":"http","message":"incoming-api-request","method":"POST","response_time":5599.2,"status":200,"url":"/spussd/api/v1/cart/remove-item-index"}
{"label":"Spare Spart api logs","level":"info","message":"Success"}
{"content_length":"189","label":"Spare Spart api logs","level":"http","message":"incoming-api-request","method":"POST","response_time":10713.946,"status":200,"url":"/spussd/api/v1/base/router"}
